Copyright 1986-2015 Xilinx, Inc. All Rights Reserved.
------------------------------------------------------------------------------------
| Tool Version : Vivado v.2015.2 (lin64) Build 1266856 Fri Jun 26 16:35:25 MDT 2015
| Date         : Sat Nov  7 02:22:40 2015
| Host         : debian running 64-bit unknown
| Command      : report_drc
------------------------------------------------------------------------------------

Report DRC

Table of Contents
-----------------
1. REPORT SUMMARY
2. REPORT DETAILS

1. REPORT SUMMARY
-----------------
            Netlist: netlist
          Floorplan: design_1
      Design limits: <entire design considered>
           Ruledeck: default
             Max violations: <unlimited>
             Violations found: 29

2. REPORT DETAILS
-----------------
PLIO-7#1 Warning
Placement Constraints Check for IO constraints  
An IO Bus FIXED_IO_mio[53:0] with more than one IO standard is found. Components associated with this bus are:  FIXED_IO_mio[53] of IOStandard LVCMOS25; FIXED_IO_mio[52] of IOStandard LVCMOS25; FIXED_IO_mio[51] of IOStandard LVCMOS25; FIXED_IO_mio[50] of IOStandard LVCMOS25; FIXED_IO_mio[49] of IOStandard LVCMOS25; FIXED_IO_mio[48] of IOStandard LVCMOS25; FIXED_IO_mio[47] of IOStandard LVCMOS25; FIXED_IO_mio[46] of IOStandard LVCMOS25; FIXED_IO_mio[45] of IOStandard LVCMOS25; FIXED_IO_mio[44] of IOStandard LVCMOS25; FIXED_IO_mio[43] of IOStandard LVCMOS25; FIXED_IO_mio[42] of IOStandard LVCMOS25; FIXED_IO_mio[41] of IOStandard LVCMOS25; FIXED_IO_mio[40] of IOStandard LVCMOS25; FIXED_IO_mio[39] of IOStandard LVCMOS25; FIXED_IO_mio[38] of IOStandard LVCMOS25; FIXED_IO_mio[37] of IOStandard LVCMOS25; FIXED_IO_mio[36] of IOStandard LVCMOS25; FIXED_IO_mio[35] of IOStandard LVCMOS25; FIXED_IO_mio[34] of IOStandard LVCMOS25; FIXED_IO_mio[33] of IOStandard LVCMOS25; FIXED_IO_mio[32] of IOStandard LVCMOS25; FIXED_IO_mio[31] of IOStandard LVCMOS25; FIXED_IO_mio[30] of IOStandard LVCMOS25; FIXED_IO_mio[29] of IOStandard LVCMOS25; FIXED_IO_mio[28] of IOStandard LVCMOS25; FIXED_IO_mio[27] of IOStandard LVCMOS25; FIXED_IO_mio[26] of IOStandard LVCMOS25; FIXED_IO_mio[25] of IOStandard LVCMOS25; FIXED_IO_mio[24] of IOStandard LVCMOS25; FIXED_IO_mio[23] of IOStandard LVCMOS25; FIXED_IO_mio[22] of IOStandard LVCMOS25; FIXED_IO_mio[21] of IOStandard LVCMOS25; FIXED_IO_mio[20] of IOStandard LVCMOS25; FIXED_IO_mio[19] of IOStandard LVCMOS18; FIXED_IO_mio[18] of IOStandard LVCMOS25; FIXED_IO_mio[17] of IOStandard LVCMOS25; FIXED_IO_mio[16] of IOStandard LVCMOS25; FIXED_IO_mio[15] of IOStandard LVCMOS33; FIXED_IO_mio[14] of IOStandard LVCMOS33; FIXED_IO_mio[13] of IOStandard LVCMOS33; FIXED_IO_mio[12] of IOStandard LVCMOS33; FIXED_IO_mio[11] of IOStandard LVCMOS33; FIXED_IO_mio[10] of IOStandard LVCMOS33; FIXED_IO_mio[9] of IOStandard LVCMOS33; FIXED_IO_mio[8] of IOStandard LVCMOS33; FIXED_IO_mio[7] of IOStandard LVCMOS33; FIXED_IO_mio[6] of IOStandard LVCMOS33; FIXED_IO_mio[5] of IOStandard LVCMOS33; FIXED_IO_mio[4] of IOStandard LVCMOS33; FIXED_IO_mio[3] of IOStandard LVCMOS33; FIXED_IO_mio[2] of IOStandard LVCMOS33; FIXED_IO_mio[1] of IOStandard LVCMOS33; FIXED_IO_mio[0] of IOStandard LVCMOS33;
Related violations: <none>

REQP-1617#1 Warning
use_IOB_register  
The FDRE cell system_i/adc_0/inst/int_dat_a_reg_reg[0] has IOB set to TRUE, but does not connect directly to an IO cell. Remove the constraint or ensure the FDRE is property connected to an IO.
Related violations: <none>

REQP-1617#2 Warning
use_IOB_register  
The FDRE cell system_i/adc_0/inst/int_dat_a_reg_reg[10] has IOB set to TRUE, but does not connect directly to an IO cell. Remove the constraint or ensure the FDRE is property connected to an IO.
Related violations: <none>

REQP-1617#3 Warning
use_IOB_register  
The FDRE cell system_i/adc_0/inst/int_dat_a_reg_reg[11] has IOB set to TRUE, but does not connect directly to an IO cell. Remove the constraint or ensure the FDRE is property connected to an IO.
Related violations: <none>

REQP-1617#4 Warning
use_IOB_register  
The FDRE cell system_i/adc_0/inst/int_dat_a_reg_reg[12] has IOB set to TRUE, but does not connect directly to an IO cell. Remove the constraint or ensure the FDRE is property connected to an IO.
Related violations: <none>

REQP-1617#5 Warning
use_IOB_register  
The FDRE cell system_i/adc_0/inst/int_dat_a_reg_reg[13] has IOB set to TRUE, but does not connect directly to an IO cell. Remove the constraint or ensure the FDRE is property connected to an IO.
Related violations: <none>

REQP-1617#6 Warning
use_IOB_register  
The FDRE cell system_i/adc_0/inst/int_dat_a_reg_reg[1] has IOB set to TRUE, but does not connect directly to an IO cell. Remove the constraint or ensure the FDRE is property connected to an IO.
Related violations: <none>

REQP-1617#7 Warning
use_IOB_register  
The FDRE cell system_i/adc_0/inst/int_dat_a_reg_reg[2] has IOB set to TRUE, but does not connect directly to an IO cell. Remove the constraint or ensure the FDRE is property connected to an IO.
Related violations: <none>

REQP-1617#8 Warning
use_IOB_register  
The FDRE cell system_i/adc_0/inst/int_dat_a_reg_reg[3] has IOB set to TRUE, but does not connect directly to an IO cell. Remove the constraint or ensure the FDRE is property connected to an IO.
Related violations: <none>

REQP-1617#9 Warning
use_IOB_register  
The FDRE cell system_i/adc_0/inst/int_dat_a_reg_reg[4] has IOB set to TRUE, but does not connect directly to an IO cell. Remove the constraint or ensure the FDRE is property connected to an IO.
Related violations: <none>

REQP-1617#10 Warning
use_IOB_register  
The FDRE cell system_i/adc_0/inst/int_dat_a_reg_reg[5] has IOB set to TRUE, but does not connect directly to an IO cell. Remove the constraint or ensure the FDRE is property connected to an IO.
Related violations: <none>

REQP-1617#11 Warning
use_IOB_register  
The FDRE cell system_i/adc_0/inst/int_dat_a_reg_reg[6] has IOB set to TRUE, but does not connect directly to an IO cell. Remove the constraint or ensure the FDRE is property connected to an IO.
Related violations: <none>

REQP-1617#12 Warning
use_IOB_register  
The FDRE cell system_i/adc_0/inst/int_dat_a_reg_reg[7] has IOB set to TRUE, but does not connect directly to an IO cell. Remove the constraint or ensure the FDRE is property connected to an IO.
Related violations: <none>

REQP-1617#13 Warning
use_IOB_register  
The FDRE cell system_i/adc_0/inst/int_dat_a_reg_reg[8] has IOB set to TRUE, but does not connect directly to an IO cell. Remove the constraint or ensure the FDRE is property connected to an IO.
Related violations: <none>

REQP-1617#14 Warning
use_IOB_register  
The FDRE cell system_i/adc_0/inst/int_dat_a_reg_reg[9] has IOB set to TRUE, but does not connect directly to an IO cell. Remove the constraint or ensure the FDRE is property connected to an IO.
Related violations: <none>

REQP-1617#15 Warning
use_IOB_register  
The FDRE cell system_i/adc_0/inst/int_dat_b_reg_reg[0] has IOB set to TRUE, but does not connect directly to an IO cell. Remove the constraint or ensure the FDRE is property connected to an IO.
Related violations: <none>

REQP-1617#16 Warning
use_IOB_register  
The FDRE cell system_i/adc_0/inst/int_dat_b_reg_reg[10] has IOB set to TRUE, but does not connect directly to an IO cell. Remove the constraint or ensure the FDRE is property connected to an IO.
Related violations: <none>

REQP-1617#17 Warning
use_IOB_register  
The FDRE cell system_i/adc_0/inst/int_dat_b_reg_reg[11] has IOB set to TRUE, but does not connect directly to an IO cell. Remove the constraint or ensure the FDRE is property connected to an IO.
Related violations: <none>

REQP-1617#18 Warning
use_IOB_register  
The FDRE cell system_i/adc_0/inst/int_dat_b_reg_reg[12] has IOB set to TRUE, but does not connect directly to an IO cell. Remove the constraint or ensure the FDRE is property connected to an IO.
Related violations: <none>

REQP-1617#19 Warning
use_IOB_register  
The FDRE cell system_i/adc_0/inst/int_dat_b_reg_reg[13] has IOB set to TRUE, but does not connect directly to an IO cell. Remove the constraint or ensure the FDRE is property connected to an IO.
Related violations: <none>

REQP-1617#20 Warning
use_IOB_register  
The FDRE cell system_i/adc_0/inst/int_dat_b_reg_reg[1] has IOB set to TRUE, but does not connect directly to an IO cell. Remove the constraint or ensure the FDRE is property connected to an IO.
Related violations: <none>

REQP-1617#21 Warning
use_IOB_register  
The FDRE cell system_i/adc_0/inst/int_dat_b_reg_reg[2] has IOB set to TRUE, but does not connect directly to an IO cell. Remove the constraint or ensure the FDRE is property connected to an IO.
Related violations: <none>

REQP-1617#22 Warning
use_IOB_register  
The FDRE cell system_i/adc_0/inst/int_dat_b_reg_reg[3] has IOB set to TRUE, but does not connect directly to an IO cell. Remove the constraint or ensure the FDRE is property connected to an IO.
Related violations: <none>

REQP-1617#23 Warning
use_IOB_register  
The FDRE cell system_i/adc_0/inst/int_dat_b_reg_reg[4] has IOB set to TRUE, but does not connect directly to an IO cell. Remove the constraint or ensure the FDRE is property connected to an IO.
Related violations: <none>

REQP-1617#24 Warning
use_IOB_register  
The FDRE cell system_i/adc_0/inst/int_dat_b_reg_reg[5] has IOB set to TRUE, but does not connect directly to an IO cell. Remove the constraint or ensure the FDRE is property connected to an IO.
Related violations: <none>

REQP-1617#25 Warning
use_IOB_register  
The FDRE cell system_i/adc_0/inst/int_dat_b_reg_reg[6] has IOB set to TRUE, but does not connect directly to an IO cell. Remove the constraint or ensure the FDRE is property connected to an IO.
Related violations: <none>

REQP-1617#26 Warning
use_IOB_register  
The FDRE cell system_i/adc_0/inst/int_dat_b_reg_reg[7] has IOB set to TRUE, but does not connect directly to an IO cell. Remove the constraint or ensure the FDRE is property connected to an IO.
Related violations: <none>

REQP-1617#27 Warning
use_IOB_register  
The FDRE cell system_i/adc_0/inst/int_dat_b_reg_reg[8] has IOB set to TRUE, but does not connect directly to an IO cell. Remove the constraint or ensure the FDRE is property connected to an IO.
Related violations: <none>

REQP-1617#28 Warning
use_IOB_register  
The FDRE cell system_i/adc_0/inst/int_dat_b_reg_reg[9] has IOB set to TRUE, but does not connect directly to an IO cell. Remove the constraint or ensure the FDRE is property connected to an IO.
Related violations: <none>


